<?xml version="1.0" encoding="UTF-8"?>
<!-- Generated by org.testng.reporters.JUnitReportReporter -->
<testsuite hostname="NishthaSahay" failures="0" tests="1" name="test_Scripts.LoginTest" time="9.290" errors="0" timestamp="2023-11-27T11:35:29 IST" skipped="0">
  <testcase classname="test_Scripts.LoginTest" name="testScript1" time="9.290"/>
  <system-out>
    <![CDATA[Browser window is maximized successfully]]>
  </system-out>
</testsuite> <!-- test_Scripts.LoginTest -->
