<?xml version="1.0" encoding="UTF-8"?>
<!-- Generated by org.testng.reporters.JUnitReportReporter -->
<testsuite hostname="TYSS-Yogita" failures="0" tests="1" name="test_Scripts.UsingJavaScript" time="0.017" errors="0" timestamp="2023-02-01T12:58:38 IST" skipped="0">
  <testcase classname="test_Scripts.UsingJavaScript" name="test" time="0.017"/>
  <system-out/>
</testsuite> <!-- test_Scripts.UsingJavaScript -->
