<?xml version="1.0" encoding="UTF-8"?>
<!-- Generated by org.testng.reporters.JUnitReportReporter -->
<testsuite hostname="TYSS-Yogita" failures="0" tests="1" name="test_Scripts.SampleTest" time="0.009" errors="0" timestamp="2023-09-07T12:45:40 IST" skipped="0">
  <testcase classname="test_Scripts.SampleTest" name="sample" time="0.009"/>
  <system-out/>
</testsuite> <!-- test_Scripts.SampleTest -->
